c:\users\vaio\desktop\jogao\jogo\jogo\x64\debug\vc143.pdb
c:\users\vaio\desktop\jogao\jogo\jogo\x64\debug\vc143.idb
c:\users\vaio\desktop\jogao\jogo\jogo\x64\debug\personagem.obj
c:\users\vaio\desktop\jogao\jogo\jogo\x64\debug\main.obj
c:\users\vaio\desktop\jogao\jogo\jogo\x64\debug\listaentidades.obj
c:\users\vaio\desktop\jogao\jogo\jogo\x64\debug\jogo.obj
c:\users\vaio\desktop\jogao\jogo\jogo\x64\debug\jogador.obj
c:\users\vaio\desktop\jogao\jogo\jogo\x64\debug\inimigo.obj
c:\users\vaio\desktop\jogao\jogo\jogo\x64\debug\gerenciador_grafico.obj
c:\users\vaio\desktop\jogao\jogo\jogo\x64\debug\gerenciador_colisoes.obj
c:\users\vaio\desktop\jogao\jogo\jogo\x64\debug\entidade.obj
c:\users\vaio\desktop\jogao\jogo\jogo\x64\debug\ente.obj
c:\users\vaio\desktop\jogao\jogo\x64\debug\jogo.exe
c:\users\vaio\desktop\jogao\jogo\x64\debug\jogo.pdb
c:\users\vaio\desktop\jogao\jogo\jogo\x64\debug\jogo.ilk
c:\users\vaio\desktop\jogao\jogo\jogo\x64\debug\jogo.tlog\cl.command.1.tlog
c:\users\vaio\desktop\jogao\jogo\jogo\x64\debug\jogo.tlog\cl.items.tlog
c:\users\vaio\desktop\jogao\jogo\jogo\x64\debug\jogo.tlog\cl.read.1.tlog
c:\users\vaio\desktop\jogao\jogo\jogo\x64\debug\jogo.tlog\cl.write.1.tlog
c:\users\vaio\desktop\jogao\jogo\jogo\x64\debug\jogo.tlog\link.command.1.tlog
c:\users\vaio\desktop\jogao\jogo\jogo\x64\debug\jogo.tlog\link.read.1.tlog
c:\users\vaio\desktop\jogao\jogo\jogo\x64\debug\jogo.tlog\link.secondary.1.tlog
c:\users\vaio\desktop\jogao\jogo\jogo\x64\debug\jogo.tlog\link.write.1.tlog
